INFO:root:DATE: 15-03-2022, 20:07:54| CASH: 345.86508937110295 | ASSET: -0.7972646106771143 | TRACKING ERROR: 0.07749999999998636
INFO:root:DATE: 15-03-2022, 22:18:27| CASH: 275.0253099945537 | ASSET: -0.5587468349984973 | TRACKING ERROR: 0.07749999999998636
INFO:root:DATE: 15-03-2022, 22:19:56| CASH: 109.07749999998389 | ASSET: 0.0 | TRACKING ERROR: 0.07749999999998636
INFO:root:DATE: 15-03-2022, 22:20:03| CASH: 374.38295019616106 | ASSET: -0.8932843440948184 | TRACKING ERROR: 0.07749999999998636
INFO:root:DATE: 15-03-2022, 22:20:27| CASH: 213.81355596492347 | ASSET: -0.3526466530805504 | TRACKING ERROR: 0.07749999999998636
INFO:root:DATE: 15-03-2022, 22:20:35| CASH: 237.73225262664317 | ASSET: -0.43318098527489285 | TRACKING ERROR: 0.07749999999998636
INFO:root:DATE: 15-03-2022, 23:24:11| CASH: 241.80977978065988 | ASSET: -0.44691003293151477 | TRACKING ERROR: 0.07749999999998636
INFO:root:DATE: 15-03-2022, 23:51:50| CASH: 400.0 | ASSET: -0.9795370370370372 | TRACKING ERROR: 0.07749999999998636
INFO:root:DATE: 15-03-2022, 23:55:59| CASH: 400.0 | ASSET: -0.979537037037037 | TRACKING ERROR: 0.07749999999998636
INFO:root:DATE: 15-03-2022, 23:56:17| CASH: 399.99999999999875 | ASSET: -0.979537037037033 | TRACKING ERROR: 0.07749999999998636
INFO:root:DATE: 16-03-2022, 03:21:24| CASH: 399.99999999999864 | ASSET: -0.9795370370370324 | TRACKING ERROR: 0.07749999999998636
INFO:root:DATE: 16-03-2022, 03:21:36| CASH: 400.0 | ASSET: -0.9795370370370463 | TRACKING ERROR: 0.07749999999998636
INFO:root:DATE: 16-03-2022, 03:21:47| CASH: 399.99999999999886 | ASSET: -0.9795370370370332 | TRACKING ERROR: 0.07749999999998636
INFO:root:DATE: 16-03-2022, 03:21:59| CASH: 257.5774998188801 | ASSET: -0.4999999993901685 | TRACKING ERROR: 0.07749999999998636
INFO:root:DATE: 16-03-2022, 03:22:30| CASH: 400.0 | ASSET: -0.9795370370370412 | TRACKING ERROR: 0.07749999999998636
INFO:root:DATE: 16-03-2022, 03:23:04| CASH: 406.07750000000044 | ASSET: -1.0 | TRACKING ERROR: 0.07749999999998636
INFO:root:DATE: 16-03-2022, 03:23:21| CASH: 404.59250948070854 | ASSET: -0.9950000319215775 | TRACKING ERROR: 0.07749999999998636
INFO:root:DATE: 16-03-2022, 03:23:40| CASH: 404.592501996943 | ASSET: -0.9950000067237137 | TRACKING ERROR: 0.07749999999998636
INFO:root:DATE: 16-03-2022, 03:24:41| CASH: 404.59250592192944 | ASSET: -0.9950000199391559 | TRACKING ERROR: 0.07749999999998636
INFO:root:DATE: 16-03-2022, 03:24:46| CASH: 406.0775 | ASSET: -1.0 | TRACKING ERROR: 0.07749999999998636
INFO:root:DATE: 16-03-2022, 14:51:46| CASH: 227.80289889420794 | ASSET: -0.4789999969249387 | TRACKING ERROR: -53.182940000000045
INFO:root:DATE: 16-03-2022, 15:44:14| CASH: 228.25369908006812 | ASSET: -0.48599999748101896 | TRACKING ERROR: -57.97094000000001
INFO:root:DATE: 16-03-2022, 17:20:08| CASH: 225.3875031337506 | ASSET: -0.48000000853882985 | TRACKING ERROR: -59.50994
INFO:root:DATE: 16-03-2022, 17:20:44| CASH: 225.38755376309064 | ASSET: -0.480000146493435 | TRACKING ERROR: -59.50994
INFO:root:DATE: 16-03-2022, 17:27:34| CASH: 225.38750442719112 | ASSET: -0.48000001206319104 | OLD PORTFOLIO VALUE: 49.22750000000002 | NEW PORTFOLIO VALUE: 49.22750000000002 | TRACKING ERROR: -59.50994
INFO:root:DATE: 16-03-2022, 17:29:13| CASH: 225.38750413809032 | ASSET: -0.48000001127545033 | OLD PORTFOLIO VALUE: 49.22750000000002 | NEW PORTFOLIO VALUE: 49.22750000000005 | OPTION PRICE: 108.73744000000002| TRACKING ERROR: -59.50994
INFO:root:DATE: 16-03-2022, 19:39:23| CASH: 225.38771588555824 | ASSET: -0.4800005882440277 | OLD PORTFOLIO VALUE: 49.22750000000005 | NEW PORTFOLIO VALUE: 49.22750000000008 | OPTION PRICE: 108.73744000000002| TRACKING ERROR: -59.50993999999997
INFO:root:DATE: 16-03-2022, 22:49:37| CASH: 225.38749996827548 | ASSET: -0.4799999999135569 | OLD PORTFOLIO VALUE: 49.22750000000005 | NEW PORTFOLIO VALUE: 49.227500000000106 | OPTION PRICE: 108.73744000000002| TRACKING ERROR: -59.50993999999997
INFO:root:DATE: 16-03-2022, 22:49:47| CASH: 225.38750078817557 | ASSET: -0.4800000021476172 | OLD PORTFOLIO VALUE: 49.22750000000005 | NEW PORTFOLIO VALUE: 49.22750000000008 | OPTION PRICE: 108.73744000000002| TRACKING ERROR: -59.50993999999997
INFO:root:DATE: 17-03-2022, 22:37:36| CASH: 208.61749972427322 | ASSET: -0.43699999995797056 | OLD PORTFOLIO VALUE: 38.18749974066469 | NEW PORTFOLIO VALUE: 38.18749974066469 | OPTION PRICE: 97.087| TRACKING ERROR: -58.89950025933531
INFO:root:DATE: 18-03-2022, 17:45:10| CASH: 287.8715004260789 | ASSET: -0.6440000015326384 | OLD PORTFOLIO VALUE: 42.507499842143744 | NEW PORTFOLIO VALUE: 42.50749984214369 | OPTION PRICE: 47.572630000000004| TRACKING ERROR: -5.0651301578562595
INFO:root:DATE: 19-03-2022, 20:23:22| CASH: 287.8714998985278 | ASSET: -0.6440000001479899 | OLD PORTFOLIO VALUE: 42.507499842143744 | NEW PORTFOLIO VALUE: 42.50749984214369 | OPTION PRICE: 47.572630000000004| TRACKING ERROR: -5.0651301578562595
INFO:root:DATE: 21-03-2022, 13:13:45| CASH: 340.6793606175927 | ASSET: -0.783999630898427 | OLD PORTFOLIO VALUE: 44.95469984270605 | NEW PORTFOLIO VALUE: 44.95469984270608 | OPTION PRICE: 44.174585| TRACKING ERROR: 0.7801148427060483
INFO:root:DATE: 22-03-2022, 17:12:34| CASH: 294.4674856711471 | ASSET: -0.6609999634794828 | OLD PORTFOLIO VALUE: 37.99949984110776 | NEW PORTFOLIO VALUE: 37.99949984110776 | OPTION PRICE: 36.407625| TRACKING ERROR: 1.5918748411077601
INFO:root:DATE: 23-03-2022, 19:34:11| CASH: 319.38051773493737 | ASSET: -0.7250000459999424 | OLD PORTFOLIO VALUE: 37.355499840959766 | NEW PORTFOLIO VALUE: 37.355499840959794 | OPTION PRICE: 30.582405| TRACKING ERROR: 6.773094840959764
INFO:root:DATE: 23-03-2022, 19:34:48| CASH: 331.05050421704254 | ASSET: -0.7550000112495703 | OLD PORTFOLIO VALUE: 37.355499840959766 | NEW PORTFOLIO VALUE: 37.35549984095968 | OPTION PRICE: 30.582405| TRACKING ERROR: 6.773094840959764
INFO:root:DATE: 23-03-2022, 19:35:20| CASH: 325.99350894201325 | ASSET: -0.7420000233960242 | OLD PORTFOLIO VALUE: 37.355499840959766 | NEW PORTFOLIO VALUE: 37.35549984095985 | OPTION PRICE: 30.582405| TRACKING ERROR: 6.773094840959764
INFO:root:DATE: 23-03-2022, 20:24:56| CASH: 319.3805000919291 | ASSET: -0.7250000006451652 | OLD PORTFOLIO VALUE: 37.355499840959766 | NEW PORTFOLIO VALUE: 37.355499840959794 | OPTION PRICE: 30.582405| TRACKING ERROR: 6.773094840959764
INFO:root:DATE: 24-03-2022, 21:02:52| CASH: 382.33250182789925 | ASSET: -0.8970000053882532 | OLD PORTFOLIO VALUE: 54.03049985579861 | NEW PORTFOLIO VALUE: 54.03049985579855 | OPTION PRICE: 41.261975| TRACKING ERROR: 12.76852485579861
INFO:root:DATE: 25-03-2022, 15:28:01| CASH: 402.14749927693805 | ASSET: -0.9599999983311647 | OLD PORTFOLIO VALUE: 64.0354998647019 | NEW PORTFOLIO VALUE: 64.03549986470188 | OPTION PRICE: 52.42698000000001| TRACKING ERROR: 11.608519864701897
INFO:root:DATE: 28-03-2022, 01:02:43| CASH: 410.26250756755366 | ASSET: -0.9800000216205429 | OLD PORTFOLIO VALUE: 60.99049986199225 | NEW PORTFOLIO VALUE: 60.99049986199219 | OPTION PRICE: 50.485240000000005| TRACKING ERROR: 10.505259861992243
INFO:root:DATE: 30-03-2022, 22:27:30| CASH: 279.7167124947045 | ASSET: -0.6370000345662888 | OLD PORTFOLIO VALUE: 37.274499338775 | NEW PORTFOLIO VALUE: 37.274499338774945 | OPTION PRICE: 50.485240000000005| TRACKING ERROR: -13.210740661225003
INFO:root:DATE: 30-03-2022, 22:31:05| CASH: 246.6044991546024 | ASSET: -0.5499999995160993 | OLD PORTFOLIO VALUE: 37.274499338775 | NEW PORTFOLIO VALUE: 37.27449933877497 | OPTION PRICE: 50.485240000000005| TRACKING ERROR: -13.210740661225003
INFO:root:DATE: 31-03-2022, 14:28:47| CASH: 248.49649997427147 | ASSET: -0.5500000014363797 | OLD PORTFOLIO VALUE: 41.58649943390543 | NEW PORTFOLIO VALUE: 41.58649943390543 | OPTION PRICE: 38.349365000000006| TRACKING ERROR: 3.2371344339054247
INFO:root:DATE: 01-04-2022, 00:23:47| CASH: 248.49649943389286 | ASSET: -0.5499999999999665 | OLD PORTFOLIO VALUE: 41.58649943390543 | NEW PORTFOLIO VALUE: 41.58649943390546 | OPTION PRICE: 38.349365000000006| TRACKING ERROR: 3.2371344339054247
INFO:root:DATE: 01-04-2022, 00:23:53| CASH: 249.35640593313602 | ASSET: -0.5499997500160061 | OLD PORTFOLIO VALUE: 43.54649947714654 | NEW PORTFOLIO VALUE: 43.54649947714654 | OPTION PRICE: 38.349365000000006| TRACKING ERROR: 5.197134477146534
INFO:root:DATE: 01-04-2022, 20:01:14| CASH: 57.978335589260695 | ASSET: -0.049999567612377734 | OLD PORTFOLIO VALUE: 39.038499377692006 | NEW PORTFOLIO VALUE: 39.038499377692006 | OPTION PRICE: 38.349365000000006| TRACKING ERROR: 0.6891343776919996
INFO:root:DATE: 01-04-2022, 20:02:40| CASH: 171.61849993481115 | ASSET: -0.35000000147074745 | OLD PORTFOLIO VALUE: 39.038499377692006 | NEW PORTFOLIO VALUE: 39.038499377692006 | OPTION PRICE: 38.349365000000006| TRACKING ERROR: 0.6891343776919996
INFO:root:DATE: 01-04-2022, 20:06:04| CASH: 246.60484657202474 | ASSET: -0.550000912331187 | OLD PORTFOLIO VALUE: 37.274499338775 | NEW PORTFOLIO VALUE: 37.27449933877497 | OPTION PRICE: 50.485240000000005| TRACKING ERROR: -13.210740661225003
INFO:root:DATE: 01-04-2022, 20:06:16| CASH: 170.84429685657582 | ASSET: -0.34999946112884023 | OLD PORTFOLIO VALUE: 38.26450098097112 | NEW PORTFOLIO VALUE: 38.26450098097115 | OPTION PRICE: 38.349365000000006| TRACKING ERROR: -0.08486401902888474
INFO:root:DATE: 01-04-2022, 20:06:59| CASH: 151.90450437842912 | ASSET: -0.3000000089690021 | OLD PORTFOLIO VALUE: 38.26450098097112 | NEW PORTFOLIO VALUE: 38.264500980971135 | OPTION PRICE: 38.349365000000006| TRACKING ERROR: -0.08486401902888474
INFO:root:DATE: 01-04-2022, 20:07:09| CASH: 151.904442087802 | ASSET: -0.2999998445270087 | OLD PORTFOLIO VALUE: 38.26450098097112 | NEW PORTFOLIO VALUE: 38.26450098097112 | OPTION PRICE: 38.349365000000006| TRACKING ERROR: -0.08486401902888474
INFO:root:DATE: 06-04-2022, 22:54:28| CASH: 151.90450217605587 | ASSET: -0.30000000223896106 | OLD PORTFOLIO VALUE: 37.604501323011704 | NEW PORTFOLIO VALUE: 37.604501323011704 | OPTION PRICE: 38.349365000000006| TRACKING ERROR: -0.7448636769883024
INFO:root:DATE: 06-04-2022, 22:59:48| CASH: 151.904505654351 | ASSET: -0.30000001136834464 | OLD PORTFOLIO VALUE: 37.604501323011704 | NEW PORTFOLIO VALUE: 37.60450132301169 | OPTION PRICE: 32.64999999999998| TRACKING ERROR: 4.954501323011726
INFO:root:DATE: 06-04-2022, 23:03:18| CASH: 151.904492 | ASSET: -0.3 | OLD PORTFOLIO VALUE: 37.604501 | NEW PORTFOLIO VALUE: 37.604501 | OPTION PRICE: 32.64999999999998| TRACKING ERROR: 4.954501
INFO:root:DATE: 06-04-2022, 23:04:02| CASH: 151.904501 | ASSET: -0.3 | OLD PORTFOLIO VALUE: 37.604501 | NEW PORTFOLIO VALUE: 37.604501 | OPTION PRICE: 32.65| TRACKING ERROR: 4.954501
INFO:root:DATE: 06-04-2022, 23:05:29| CASH: 151.904501 | ASSET: -0.3 | OLD PORTFOLIO VALUE: 37.604501 | NEW PORTFOLIO VALUE: 37.604501 | OPTION PRICE: 32.65| TRACKING ERROR: 4.954501
INFO:root:DATE: 06-04-2022, 23:05:34| CASH: 418.604501 | ASSET: -1.0 | OLD PORTFOLIO VALUE: 37.604501 | NEW PORTFOLIO VALUE: 37.604501 | OPTION PRICE: 32.65| TRACKING ERROR: 4.954501
INFO:root:DATE: 06-04-2022, 23:05:56| CASH: 418.604501 | ASSET: -1.0 | OLD PORTFOLIO VALUE: 37.604501 | NEW PORTFOLIO VALUE: 37.604501 | OPTION PRICE: 32.65| TRACKING ERROR: 4.954501
INFO:root:DATE: 10-04-2022, 12:53:56| CASH: 418.604501 | ASSET: -1.0 | OLD PORTFOLIO VALUE: 49.004501 | NEW PORTFOLIO VALUE: 49.004501 | OPTION PRICE: 44.05| TRACKING ERROR: 4.954501
